Using pre-set license
Built from '2021.2/staging' branch; Version is '2021.2.6f1 (8c4e826ba445) revision 9195138'; Using compiler version '192829333'; Build Type 'Release'
OS: 'Windows 10  (10.0.19044) 64bit Core' Language: 'en' Physical Memory: 16310 MB
BatchMode: 1, IsHumanControllingUs: 0, StartBugReporterOnCrash: 0, Is64bit: 1, IsPro: 0

COMMAND LINE ARGUMENTS:
C:\Program Files\Unity\Hub\Editor\2021.2.6f1\Editor\Unity.exe
-adb2
-batchMode
-noUpm
-name
AssetImportWorker1
-projectPath
C:/Users/baust/OneDrive/Desktop/school/2022/Games/VideoGame/final-project-game/Assessment 4
-logFile
Logs/AssetImportWorker1.log
-srvPort
60943
Successfully changed project path to: C:/Users/baust/OneDrive/Desktop/school/2022/Games/VideoGame/final-project-game/Assessment 4
C:/Users/baust/OneDrive/Desktop/school/2022/Games/VideoGame/final-project-game/Assessment 4
[UnityMemory] Configuration Parameters - Can be set up in boot.config
    "memorysetup-bucket-allocator-granularity=16"
    "memorysetup-bucket-allocator-bucket-count=8"
    "memorysetup-bucket-allocator-block-size=33554432"
    "memorysetup-bucket-allocator-block-count=8"
    "memorysetup-main-allocator-block-size=16777216"
    "memorysetup-thread-allocator-block-size=16777216"
    "memorysetup-gfx-main-allocator-block-size=16777216"
    "memorysetup-gfx-thread-allocator-block-size=16777216"
    "memorysetup-cache-allocator-block-size=4194304"
    "memorysetup-typetree-allocator-block-size=2097152"
    "memorysetup-profiler-bucket-allocator-granularity=16"
    "memorysetup-profiler-bucket-allocator-bucket-count=8"
    "memorysetup-profiler-bucket-allocator-block-size=33554432"
    "memorysetup-profiler-bucket-allocator-block-count=8"
    "memorysetup-profiler-allocator-block-size=16777216"
    "memorysetup-profiler-editor-allocator-block-size=1048576"
    "memorysetup-temp-allocator-size-main=16777216"
    "memorysetup-job-temp-allocator-block-size=2097152"
    "memorysetup-job-temp-allocator-block-size-background=1048576"
    "memorysetup-job-temp-allocator-reduction-small-platforms=262144"
    "memorysetup-temp-allocator-size-background-worker=32768"
    "memorysetup-temp-allocator-size-job-worker=262144"
    "memorysetup-temp-allocator-size-preload-manager=33554432"
    "memorysetup-temp-allocator-size-nav-mesh-worker=65536"
    "memorysetup-temp-allocator-size-audio-worker=65536"
    "memorysetup-temp-allocator-size-cloud-worker=32768"
    "memorysetup-temp-allocator-size-gi-baking-worker=262144"
    "memorysetup-temp-allocator-size-gfx=262144"
Refreshing native plugins compatible for Editor in 71.04 ms, found 3 plugins.
Preloading 0 native plugins for Editor in 0.00 ms.
Initialize engine version: 2021.2.6f1 (8c4e826ba445)
[Subsystems] Discovering subsystems at path C:/Program Files/Unity/Hub/Editor/2021.2.6f1/Editor/Data/Resources/UnitySubsystems
[Subsystems] Discovering subsystems at path C:/Users/baust/OneDrive/Desktop/school/2022/Games/VideoGame/final-project-game/Assessment 4/Assets
GfxDevice: creating device client; threaded=0; jobified=0
Direct3D:
    Version:  Direct3D 11.0 [level 11.1]
    Renderer: NVIDIA GeForce RTX 2060 (ID=0x1f08)
    Vendor:   NVIDIA
    VRAM:     5980 MB
    Driver:   30.0.14.9729
Initialize mono
Mono path[0] = 'C:/Program Files/Unity/Hub/Editor/2021.2.6f1/Editor/Data/Managed'
Mono path[1] = 'C:/Program Files/Unity/Hub/Editor/2021.2.6f1/Editor/Data/MonoBleedingEdge/lib/mono/unityjit-win32'
Mono config path = 'C:/Program Files/Unity/Hub/Editor/2021.2.6f1/Editor/Data/MonoBleedingEdge/etc'
Using monoOptions --debugger-agent=transport=dt_socket,embedding=1,server=y,suspend=n,address=127.0.0.1:56976
Begin MonoManager ReloadAssembly
Registering precompiled unity dll's ...
Register platform support module: C:/Program Files/Unity/Hub/Editor/2021.2.6f1/Editor/Data/PlaybackEngines/WebGLSupport/UnityEditor.WebGL.Extensions.dll
Register platform support module: C:/Program Files/Unity/Hub/Editor/2021.2.6f1/Editor/Data/PlaybackEngines/MacStandaloneSupport/UnityEditor.OSXStandalone.Extensions.dll
Register platform support module: C:/Program Files/Unity/Hub/Editor/2021.2.6f1/Editor/Data/PlaybackEngines/WindowsStandaloneSupport/UnityEditor.WindowsStandalone.Extensions.dll
Register platform support module: C:/Program Files/Unity/Hub/Editor/2021.2.6f1/Editor/Data/PlaybackEngines/LinuxStandaloneSupport/UnityEditor.LinuxStandalone.Extensions.dll
Registered in 0.008740 seconds.
Native extension for LinuxStandalone target not found
Native extension for WindowsStandalone target not found
Native extension for OSXStandalone target not found
Native extension for WebGL target not found
Refreshing native plugins compatible for Editor in 69.69 ms, found 3 plugins.
Preloading 0 native plugins for Editor in 0.00 ms.
Mono: successfully reloaded assembly
- Completed reload, in  0.549 seconds
Domain Reload Profiling:
	ReloadAssembly (549ms)
		BeginReloadAssembly (62ms)
			ExecutionOrderSort (0ms)
			DisableScriptedObjects (0ms)
			BackupInstance (0ms)
			ReleaseScriptingObjects (0ms)
			CreateAndSetChildDomain (1ms)
		EndReloadAssembly (410ms)
			LoadAssemblies (61ms)
			RebuildTransferFunctionScriptingTraits (0ms)
			SetupTypeCache (88ms)
			ReleaseScriptCaches (0ms)
			RebuildScriptCaches (24ms)
			SetupLoadedEditorAssemblies (255ms)
				LogAssemblyErrors (0ms)
				InitializePlatformSupportModulesInManaged (20ms)
				SetLoadedEditorAssemblies (0ms)
				RefreshPlugins (70ms)
				BeforeProcessingInitializeOnLoad (1ms)
				ProcessInitializeOnLoadAttributes (123ms)
				ProcessInitializeOnLoadMethodAttributes (41ms)
				AfterProcessingInitializeOnLoad (0ms)
				EditorAssembliesLoaded (0ms)
			ExecutionOrderSort2 (0ms)
			AwakeInstancesAfterBackupRestoration (0ms)
Platform modules already initialized, skipping
Registering precompiled user dll's ...
Registered in 0.004897 seconds.
Begin MonoManager ReloadAssembly
Symbol file LoadedFromMemory doesn't match image C:\Users\baust\OneDrive\Desktop\school\2022\Games\VideoGame\final-project-game\Assessment 4\Library\PackageCache\com.unity.visualscripting@1.7.5\Editor\VisualScripting.Core\Dependencies\YamlDotNet\Unity.VisualScripting.YamlDotNet.dll
Symbol file LoadedFromMemory doesn't match image C:\Users\baust\OneDrive\Desktop\school\2022\Games\VideoGame\final-project-game\Assessment 4\Library\PackageCache\com.unity.visualscripting@1.7.5\Editor\VisualScripting.Core\Dependencies\DotNetZip\Unity.VisualScripting.IonicZip.dll
Native extension for LinuxStandalone target not found
Native extension for WindowsStandalone target not found
Native extension for OSXStandalone target not found
Native extension for WebGL target not found
Refreshing native plugins compatible for Editor in 0.56 ms, found 3 plugins.
Preloading 0 native plugins for Editor in 0.00 ms.
Mono: successfully reloaded assembly
- Completed reload, in  0.871 seconds
Domain Reload Profiling:
	ReloadAssembly (872ms)
		BeginReloadAssembly (99ms)
			ExecutionOrderSort (0ms)
			DisableScriptedObjects (5ms)
			BackupInstance (0ms)
			ReleaseScriptingObjects (0ms)
			CreateAndSetChildDomain (18ms)
		EndReloadAssembly (681ms)
			LoadAssemblies (67ms)
			RebuildTransferFunctionScriptingTraits (0ms)
			SetupTypeCache (228ms)
			ReleaseScriptCaches (1ms)
			RebuildScriptCaches (42ms)
			SetupLoadedEditorAssemblies (315ms)
				LogAssemblyErrors (0ms)
				InitializePlatformSupportModulesInManaged (15ms)
				SetLoadedEditorAssemblies (0ms)
				RefreshPlugins (1ms)
				BeforeProcessingInitializeOnLoad (75ms)
				ProcessInitializeOnLoadAttributes (197ms)
				ProcessInitializeOnLoadMethodAttributes (20ms)
				AfterProcessingInitializeOnLoad (7ms)
				EditorAssembliesLoaded (0ms)
			ExecutionOrderSort2 (0ms)
			AwakeInstancesAfterBackupRestoration (5ms)
Platform modules already initialized, skipping
========================================================================
Worker process is ready to serve import requests
Launched and connected shader compiler UnityShaderCompiler.exe after 0.05 seconds
Refreshing native plugins compatible for Editor in 1.21 ms, found 3 plugins.
Preloading 0 native plugins for Editor in 0.00 ms.
Unloading 3214 Unused Serialized files (Serialized files now loaded: 0)
Unloading 24 unused Assets / (55.6 KB). Loaded Objects now: 3673.
Memory consumption went from 113.0 MB to 112.9 MB.
Total: 2.922400 ms (FindLiveObjects: 0.396000 ms CreateObjectMapping: 0.100300 ms MarkObjects: 2.360800 ms  DeleteObjects: 0.063700 ms)

AssetImportParameters requested are different than current active one (requested -> active):
  custom:video-decoder-ogg-theora: a1e56fd34408186e4bbccfd4996cb3dc -> 
  custom:container-muxer-webm: aa71ff27fc2769a1b78a27578f13a17b -> 
  custom:container-demuxer-webm: 4f35f7cbe854078d1ac9338744f61a02 -> 
  custom:video-encoder-webm-vp8: eb34c28f22e8b96e1ab97ce403110664 -> 
  custom:audio-encoder-webm-vorbis: bf7c407c2cedff20999df2af8eb42d56 -> 
  custom:framework-win-MediaFoundation: 216162199b28c13a410421893ffa2e32 -> 
  custom:container-demuxer-ogg: 62fdf1f143b41e24485cea50d1cbac27 -> 
  custom:video-decoder-webm-vp8: 9c59270c3fd7afecdb556c50c9e8de78 -> 
  custom:audio-decoder-ogg-vorbis: bf7c407c2cedff20999df2af8eb42d56 -> 
========================================================================
Received Import Request.
  Time since last request: 174184.813450 seconds.
  path: Assets/pixel horror abandoned classroom/Prefabs/Room parts/door .prefab
  artifactKey: Guid(06132fd318593cc49899bca786a44824) Importer(815301076,1909f56bfc062723c751e8b465ee728b)
Start importing Assets/pixel horror abandoned classroom/Prefabs/Room parts/door .prefab using Guid(06132fd318593cc49899bca786a44824) Importer(815301076,1909f56bfc062723c751e8b465ee728b)  -> (artifact id: '14affca3cf78e9b1f00cdc6d16b478a0') in 0.112783 seconds 
========================================================================
Received Import Request.
  Time since last request: 0.000022 seconds.
  path: Assets/pixel horror abandoned classroom/Prefabs/Room parts/step .prefab
  artifactKey: Guid(8e1bb1613d0a3c8479992da58bf28083) Importer(815301076,1909f56bfc062723c751e8b465ee728b)
Start importing Assets/pixel horror abandoned classroom/Prefabs/Room parts/step .prefab using Guid(8e1bb1613d0a3c8479992da58bf28083) Importer(815301076,1909f56bfc062723c751e8b465ee728b)  -> (artifact id: '8c514f1be2e835eeecae7c1c22009e31') in 0.015037 seconds 
========================================================================
Received Import Request.
  Time since last request: 0.000022 seconds.
  path: Assets/pixel horror abandoned classroom/Prefabs/Room parts/tiled wall .prefab
  artifactKey: Guid(e3ccae09c65803246a6cfce0b08c6a60) Importer(815301076,1909f56bfc062723c751e8b465ee728b)
Start importing Assets/pixel horror abandoned classroom/Prefabs/Room parts/tiled wall .prefab using Guid(e3ccae09c65803246a6cfce0b08c6a60) Importer(815301076,1909f56bfc062723c751e8b465ee728b)  -> (artifact id: 'a796bcf59ee008baf78dafeee8c200ad') in 0.016195 seconds 
========================================================================
Received Import Request.
  Time since last request: 0.000017 seconds.
  path: Assets/pixel horror abandoned classroom/Prefabs/Room parts/column.prefab
  artifactKey: Guid(32db765468e2bb3448932182aca62ccd) Importer(815301076,1909f56bfc062723c751e8b465ee728b)
Start importing Assets/pixel horror abandoned classroom/Prefabs/Room parts/column.prefab using Guid(32db765468e2bb3448932182aca62ccd) Importer(815301076,1909f56bfc062723c751e8b465ee728b)  -> (artifact id: 'd072872e91e8a159c6731e5438787e7c') in 0.016814 seconds 
========================================================================
Received Import Request.
  Time since last request: 0.000023 seconds.
  path: Assets/pixel horror abandoned classroom/Prefabs/Room parts/walls .004.prefab
  artifactKey: Guid(3ff6a32a36ff416429cccbd45d019da5) Importer(815301076,1909f56bfc062723c751e8b465ee728b)
Start importing Assets/pixel horror abandoned classroom/Prefabs/Room parts/walls .004.prefab using Guid(3ff6a32a36ff416429cccbd45d019da5) Importer(815301076,1909f56bfc062723c751e8b465ee728b)  -> (artifact id: 'e44dff4e0816e09d16f7e3ad66e93424') in 0.014996 seconds 
========================================================================
Received Import Request.
  Time since last request: 0.000026 seconds.
  path: Assets/pixel horror abandoned classroom/Prefabs/Room parts/floor big .002.prefab
  artifactKey: Guid(11b82af52bcf0984f85f05801dc7c3a2) Importer(815301076,1909f56bfc062723c751e8b465ee728b)
Start importing Assets/pixel horror abandoned classroom/Prefabs/Room parts/floor big .002.prefab using Guid(11b82af52bcf0984f85f05801dc7c3a2) Importer(815301076,1909f56bfc062723c751e8b465ee728b)  -> (artifact id: 'fefbf1405a8a44a88ec7f7ae4171290d') in 0.014761 seconds 
========================================================================
Received Import Request.
  Time since last request: 0.000022 seconds.
  path: Assets/pixel horror abandoned classroom/Prefabs/Room parts/floor big .prefab
  artifactKey: Guid(c50eafb2d4bd3a24c8689877d4b33964) Importer(815301076,1909f56bfc062723c751e8b465ee728b)
Start importing Assets/pixel horror abandoned classroom/Prefabs/Room parts/floor big .prefab using Guid(c50eafb2d4bd3a24c8689877d4b33964) Importer(815301076,1909f56bfc062723c751e8b465ee728b)  -> (artifact id: 'cf8459bb699ef1fcc6aa47f04fd67be9') in 0.016395 seconds 
========================================================================
Received Import Request.
  Time since last request: 0.000024 seconds.
  path: Assets/pixel horror abandoned classroom/Prefabs/Room parts/walls .008.prefab
  artifactKey: Guid(a08fbb52a52a5ef44b4489db932180f7) Importer(815301076,1909f56bfc062723c751e8b465ee728b)
Start importing Assets/pixel horror abandoned classroom/Prefabs/Room parts/walls .008.prefab using Guid(a08fbb52a52a5ef44b4489db932180f7) Importer(815301076,1909f56bfc062723c751e8b465ee728b)  -> (artifact id: '199404f99ec3a3ec9c86227b55655ed7') in 0.017111 seconds 
========================================================================
Received Import Request.
  Time since last request: 0.000026 seconds.
  path: Assets/pixel horror abandoned classroom/Prefabs/Room parts/sink.prefab
  artifactKey: Guid(71399b676142a8945add76f3ba39736d) Importer(815301076,1909f56bfc062723c751e8b465ee728b)
Start importing Assets/pixel horror abandoned classroom/Prefabs/Room parts/sink.prefab using Guid(71399b676142a8945add76f3ba39736d) Importer(815301076,1909f56bfc062723c751e8b465ee728b)  -> (artifact id: '7ccb163752fb01f584b12dfb7715db26') in 0.015885 seconds 
========================================================================
Received Import Request.
  Time since last request: 0.000017 seconds.
  path: Assets/pixel horror abandoned classroom/Prefabs/Room parts/walls .005.prefab
  artifactKey: Guid(cea5e6c915fab8f4195a92e27015829a) Importer(815301076,1909f56bfc062723c751e8b465ee728b)
Start importing Assets/pixel horror abandoned classroom/Prefabs/Room parts/walls .005.prefab using Guid(cea5e6c915fab8f4195a92e27015829a) Importer(815301076,1909f56bfc062723c751e8b465ee728b)  -> (artifact id: '74004e133689d9c822e6a9afd108cfe4') in 0.014586 seconds 
========================================================================
Received Import Request.
  Time since last request: 139.042680 seconds.
  path: Assets/pixel horror abandoned classroom/Prefabs/big props/bord.prefab
  artifactKey: Guid(cab39bc753f20944fb79ceb895a18644) Importer(815301076,1909f56bfc062723c751e8b465ee728b)
Start importing Assets/pixel horror abandoned classroom/Prefabs/big props/bord.prefab using Guid(cab39bc753f20944fb79ceb895a18644) Importer(815301076,1909f56bfc062723c751e8b465ee728b)  -> (artifact id: '124bb2975f3710a0a1721e00b4fe8172') in 0.013322 seconds 
========================================================================
Received Import Request.
  Time since last request: 0.000017 seconds.
  path: Assets/pixel horror abandoned classroom/Prefabs/big props/desk.prefab
  artifactKey: Guid(3d78e26038f9686429517926faccbf6a) Importer(815301076,1909f56bfc062723c751e8b465ee728b)
Start importing Assets/pixel horror abandoned classroom/Prefabs/big props/desk.prefab using Guid(3d78e26038f9686429517926faccbf6a) Importer(815301076,1909f56bfc062723c751e8b465ee728b)  -> (artifact id: '411541f68e40c8c69b52a08f6662918d') in 0.037360 seconds 
========================================================================
Received Import Request.
  Time since last request: 0.000017 seconds.
  path: Assets/pixel horror abandoned classroom/Prefabs/big props/wall cabent.prefab
  artifactKey: Guid(aa2746d6fb0516b40843fd1fb9692c03) Importer(815301076,1909f56bfc062723c751e8b465ee728b)
Start importing Assets/pixel horror abandoned classroom/Prefabs/big props/wall cabent.prefab using Guid(aa2746d6fb0516b40843fd1fb9692c03) Importer(815301076,1909f56bfc062723c751e8b465ee728b)  -> (artifact id: '70f0bb733de124f875340d277e476885') in 0.019090 seconds 
========================================================================
Received Import Request.
  Time since last request: 4.838991 seconds.
  path: Assets/Scenes/SampleScene/Lightmap-0_comp_dir.png
  artifactKey: Guid(cd821877b7b2f4c41ac84f9e0cfcd69e) Importer(815301076,1909f56bfc062723c751e8b465ee728b)
Start importing Assets/Scenes/SampleScene/Lightmap-0_comp_dir.png using Guid(cd821877b7b2f4c41ac84f9e0cfcd69e) Importer(815301076,1909f56bfc062723c751e8b465ee728b)  -> (artifact id: '4b421e97f24a9445833fb331fe521ffa') in 0.026853 seconds 
========================================================================
Received Import Request.
  Time since last request: 0.000016 seconds.
  path: Assets/Scenes/SampleScene/Lightmap-1_comp_light.exr
  artifactKey: Guid(df6853553cab77a4da5721a243142df4) Importer(815301076,1909f56bfc062723c751e8b465ee728b)
Start importing Assets/Scenes/SampleScene/Lightmap-1_comp_light.exr using Guid(df6853553cab77a4da5721a243142df4) Importer(815301076,1909f56bfc062723c751e8b465ee728b)  -> (artifact id: '4df12d6c9878961c375ffc5a7a302629') in 0.016301 seconds 
========================================================================
Received Import Request.
  Time since last request: 66.203559 seconds.
  path: Assets/pixel horror abandoned classroom/Textures/blackBord.png
  artifactKey: Guid(465161eb199280640a87b74f84763bcb) Importer(815301076,1909f56bfc062723c751e8b465ee728b)
Start importing Assets/pixel horror abandoned classroom/Textures/blackBord.png using Guid(465161eb199280640a87b74f84763bcb) Importer(815301076,1909f56bfc062723c751e8b465ee728b)  -> (artifact id: '66ba55853e2bcadf094e637b9573a3e5') in 0.017413 seconds 
========================================================================
Received Import Request.
  Time since last request: 0.000023 seconds.
  path: Assets/pixel horror abandoned classroom/Textures/BookBlock.png
  artifactKey: Guid(eeb8d843f5297754f88a16e2c1dd172f) Importer(815301076,1909f56bfc062723c751e8b465ee728b)
Start importing Assets/pixel horror abandoned classroom/Textures/BookBlock.png using Guid(eeb8d843f5297754f88a16e2c1dd172f) Importer(815301076,1909f56bfc062723c751e8b465ee728b)  -> (artifact id: 'a5188d5f9cdfec84ddedb9b854cb3f02') in 0.011511 seconds 
========================================================================
Received Import Request.
  Time since last request: 0.000018 seconds.
  path: Assets/pixel horror abandoned classroom/Textures/ConcreteFloor.png
  artifactKey: Guid(d4eefa2f05ac99e43800ba4c4011dca0) Importer(815301076,1909f56bfc062723c751e8b465ee728b)
Start importing Assets/pixel horror abandoned classroom/Textures/ConcreteFloor.png using Guid(d4eefa2f05ac99e43800ba4c4011dca0) Importer(815301076,1909f56bfc062723c751e8b465ee728b)  -> (artifact id: 'a054cdedca3dca9c9e5b26dada87e735') in 0.012023 seconds 
========================================================================
Received Import Request.
  Time since last request: 0.000016 seconds.
  path: Assets/pixel horror abandoned classroom/Textures/FabricPattern2.png
  artifactKey: Guid(18abd951791986d4c8dcf633e0ddd7e6) Importer(815301076,1909f56bfc062723c751e8b465ee728b)
Start importing Assets/pixel horror abandoned classroom/Textures/FabricPattern2.png using Guid(18abd951791986d4c8dcf633e0ddd7e6) Importer(815301076,1909f56bfc062723c751e8b465ee728b)  -> (artifact id: '2c01b98e811b3132c8bedb16aff7395f') in 0.011872 seconds 
========================================================================
Received Import Request.
  Time since last request: 0.000018 seconds.
  path: Assets/pixel horror abandoned classroom/Textures/glassBlue.png
  artifactKey: Guid(dc6d45ad380138b4793be8cd5ce4657a) Importer(815301076,1909f56bfc062723c751e8b465ee728b)
Start importing Assets/pixel horror abandoned classroom/Textures/glassBlue.png using Guid(dc6d45ad380138b4793be8cd5ce4657a) Importer(815301076,1909f56bfc062723c751e8b465ee728b)  -> (artifact id: '8bbe1e7ca0d1c78d4ae1c16ef163df06') in 0.013305 seconds 
========================================================================
Received Import Request.
  Time since last request: 609.010160 seconds.
  path: Assets/New Terrain.asset
  artifactKey: Guid(334cdf28accd54b4a9d781e35cedce1a) Importer(815301076,1909f56bfc062723c751e8b465ee728b)
Start importing Assets/New Terrain.asset using Guid(334cdf28accd54b4a9d781e35cedce1a) Importer(815301076,1909f56bfc062723c751e8b465ee728b)  -> (artifact id: '214a61f40404ef5d2795b22c66305999') in 0.018244 seconds 
========================================================================
Received Import Request.
  Time since last request: 22.347575 seconds.
  path: Assets/UnityStore/Free_old_yellow_concrete/free_concrete_materialAlbedo.png
  artifactKey: Guid(4753526eac6e3464ca4758ee2df30845) Importer(815301076,1909f56bfc062723c751e8b465ee728b)
Start importing Assets/UnityStore/Free_old_yellow_concrete/free_concrete_materialAlbedo.png using Guid(4753526eac6e3464ca4758ee2df30845) Importer(815301076,1909f56bfc062723c751e8b465ee728b)  -> (artifact id: 'd75a814af65c8138100072fda6f88447') in 0.022738 seconds 
========================================================================
Received Import Request.
  Time since last request: 0.000020 seconds.
  path: Assets/UnityStore/Free_old_yellow_concrete/free_concrete_materialMGO.png
  artifactKey: Guid(5a8faed8d0dcc21468daed9a020b7180) Importer(815301076,1909f56bfc062723c751e8b465ee728b)
Start importing Assets/UnityStore/Free_old_yellow_concrete/free_concrete_materialMGO.png using Guid(5a8faed8d0dcc21468daed9a020b7180) Importer(815301076,1909f56bfc062723c751e8b465ee728b)  -> (artifact id: '2dcbacd6a7cfeab5b97c4dfcf3624ef2') in 0.033588 seconds 
========================================================================
Received Import Request.
  Time since last request: 0.000027 seconds.
  path: Assets/UnityStore/Free_old_yellow_concrete/free_concrete_materialBump.png
  artifactKey: Guid(0f5637a2ce43f494588f7b2a7ada3cd8) Importer(815301076,1909f56bfc062723c751e8b465ee728b)
Start importing Assets/UnityStore/Free_old_yellow_concrete/free_concrete_materialBump.png using Guid(0f5637a2ce43f494588f7b2a7ada3cd8) Importer(815301076,1909f56bfc062723c751e8b465ee728b)  -> (artifact id: 'db9c09ff955737861543793ad02cc78f') in 0.030231 seconds 
========================================================================
Received Prepare
Registering precompiled user dll's ...
Registered in 0.004822 seconds.
Begin MonoManager ReloadAssembly
Symbol file LoadedFromMemory doesn't match image C:\Users\baust\OneDrive\Desktop\school\2022\Games\VideoGame\final-project-game\Assessment 4\Library\PackageCache\com.unity.visualscripting@1.7.5\Editor\VisualScripting.Core\Dependencies\YamlDotNet\Unity.VisualScripting.YamlDotNet.dll
Symbol file LoadedFromMemory doesn't match image C:\Users\baust\OneDrive\Desktop\school\2022\Games\VideoGame\final-project-game\Assessment 4\Library\PackageCache\com.unity.visualscripting@1.7.5\Editor\VisualScripting.Core\Dependencies\DotNetZip\Unity.VisualScripting.IonicZip.dll
Native extension for LinuxStandalone target not found
Native extension for WindowsStandalone target not found
Native extension for OSXStandalone target not found
Native extension for WebGL target not found
Refreshing native plugins compatible for Editor in 0.59 ms, found 3 plugins.
Preloading 0 native plugins for Editor in 0.00 ms.
Mono: successfully reloaded assembly
- Completed reload, in  0.925 seconds
Domain Reload Profiling:
	ReloadAssembly (926ms)
		BeginReloadAssembly (132ms)
			ExecutionOrderSort (0ms)
			DisableScriptedObjects (4ms)
			BackupInstance (0ms)
			ReleaseScriptingObjects (0ms)
			CreateAndSetChildDomain (33ms)
		EndReloadAssembly (698ms)
			LoadAssemblies (78ms)
			RebuildTransferFunctionScriptingTraits (0ms)
			SetupTypeCache (246ms)
			ReleaseScriptCaches (1ms)
			RebuildScriptCaches (40ms)
			SetupLoadedEditorAssemblies (268ms)
				LogAssemblyErrors (0ms)
				InitializePlatformSupportModulesInManaged (21ms)
				SetLoadedEditorAssemblies (0ms)
				RefreshPlugins (1ms)
				BeforeProcessingInitializeOnLoad (56ms)
				ProcessInitializeOnLoadAttributes (165ms)
				ProcessInitializeOnLoadMethodAttributes (17ms)
				AfterProcessingInitializeOnLoad (7ms)
				EditorAssembliesLoaded (0ms)
			ExecutionOrderSort2 (0ms)
			AwakeInstancesAfterBackupRestoration (11ms)
Platform modules already initialized, skipping
Refreshing native plugins compatible for Editor in 0.58 ms, found 3 plugins.
Preloading 0 native plugins for Editor in 0.00 ms.
Unloading 3217 Unused Serialized files (Serialized files now loaded: 0)
Unloading 21 unused Assets / (0.5 MB). Loaded Objects now: 3837.
Memory consumption went from 138.7 MB to 138.1 MB.
Total: 2.837200 ms (FindLiveObjects: 0.276600 ms CreateObjectMapping: 0.088800 ms MarkObjects: 2.217400 ms  DeleteObjects: 0.253200 ms)

AssetImportParameters requested are different than current active one (requested -> active):
  custom:video-decoder-ogg-theora: a1e56fd34408186e4bbccfd4996cb3dc -> 
  custom:container-muxer-webm: aa71ff27fc2769a1b78a27578f13a17b -> 
  custom:container-demuxer-webm: 4f35f7cbe854078d1ac9338744f61a02 -> 
  custom:video-encoder-webm-vp8: eb34c28f22e8b96e1ab97ce403110664 -> 
  custom:audio-encoder-webm-vorbis: bf7c407c2cedff20999df2af8eb42d56 -> 
  custom:framework-win-MediaFoundation: 216162199b28c13a410421893ffa2e32 -> 
  custom:container-demuxer-ogg: 62fdf1f143b41e24485cea50d1cbac27 -> 
  custom:video-decoder-webm-vp8: 9c59270c3fd7afecdb556c50c9e8de78 -> 
  custom:audio-decoder-ogg-vorbis: bf7c407c2cedff20999df2af8eb42d56 -> 
========================================================================
Received Import Request.
  Time since last request: 468.311085 seconds.
  path: Assets/UnityStore/pixel horror abandoned classroom/Materials/mesh.mat
  artifactKey: Guid(1f7ba2aeb8e5b3840ace1eed82be7d1e) Importer(815301076,1909f56bfc062723c751e8b465ee728b)
Start importing Assets/UnityStore/pixel horror abandoned classroom/Materials/mesh.mat using Guid(1f7ba2aeb8e5b3840ace1eed82be7d1e) Importer(815301076,1909f56bfc062723c751e8b465ee728b)  -> (artifact id: '4bc1d5954bb8569f6599566c28e662ad') in 0.080695 seconds 
========================================================================
Received Import Request.
  Time since last request: 0.000025 seconds.
  path: Assets/UnityStore/pixel horror abandoned classroom/Materials/oldaluminium.mat
  artifactKey: Guid(84104eb02243b8a4e83078ca64773bd1) Importer(815301076,1909f56bfc062723c751e8b465ee728b)
Start importing Assets/UnityStore/pixel horror abandoned classroom/Materials/oldaluminium.mat using Guid(84104eb02243b8a4e83078ca64773bd1) Importer(815301076,1909f56bfc062723c751e8b465ee728b)  -> (artifact id: 'f15678de60ddeb93075115bc7f7deb2a') in 0.013109 seconds 
========================================================================
Received Import Request.
  Time since last request: 0.000021 seconds.
  path: Assets/UnityStore/pixel horror abandoned classroom/Materials/old wood planks yellow_.mat
  artifactKey: Guid(bd3cb7d6c63e90d42ab91f5f8b50e96f) Importer(815301076,1909f56bfc062723c751e8b465ee728b)
Start importing Assets/UnityStore/pixel horror abandoned classroom/Materials/old wood planks yellow_.mat using Guid(bd3cb7d6c63e90d42ab91f5f8b50e96f) Importer(815301076,1909f56bfc062723c751e8b465ee728b)  -> (artifact id: '40857edd871505ad2c661f8d26e36043') in 0.013686 seconds 
========================================================================
Received Import Request.
  Time since last request: 0.441927 seconds.
  path: Assets/UnityStore/pixel horror abandoned classroom/Materials/prop books_.mat
  artifactKey: Guid(143bcd2e1a509994eb39b7c33aee09ed) Importer(815301076,1909f56bfc062723c751e8b465ee728b)
Start importing Assets/UnityStore/pixel horror abandoned classroom/Materials/prop books_.mat using Guid(143bcd2e1a509994eb39b7c33aee09ed) Importer(815301076,1909f56bfc062723c751e8b465ee728b)  -> (artifact id: 'fe9f00592584c5492d20c1d70c81a690') in 0.018880 seconds 
========================================================================
Received Import Request.
  Time since last request: 0.000026 seconds.
  path: Assets/UnityStore/pixel horror abandoned classroom/Materials/ranbow wool_.mat
  artifactKey: Guid(044b88b913ad151478e6aebe648d846b) Importer(815301076,1909f56bfc062723c751e8b465ee728b)
Start importing Assets/UnityStore/pixel horror abandoned classroom/Materials/ranbow wool_.mat using Guid(044b88b913ad151478e6aebe648d846b) Importer(815301076,1909f56bfc062723c751e8b465ee728b)  -> (artifact id: '28ce777f3d28aac11e0945fff0eef6d1') in 0.014218 seconds 
========================================================================
Received Import Request.
  Time since last request: 0.042361 seconds.
  path: Assets/UnityStore/pixel horror abandoned classroom/Models/classRoom.fbx
  artifactKey: Guid(33ad68354734dda458f343fe84ec9016) Importer(815301076,1909f56bfc062723c751e8b465ee728b)
Start importing Assets/UnityStore/pixel horror abandoned classroom/Models/classRoom.fbx using Guid(33ad68354734dda458f343fe84ec9016) Importer(815301076,1909f56bfc062723c751e8b465ee728b)  -> (artifact id: '54f25b5a0c8ca41c6acebf6183c37c35') in 0.722142 seconds 
========================================================================
Received Import Request.
  Time since last request: 9.291467 seconds.
  path: Assets/UnityStore/pixel horror abandoned classroom/Materials/Black.mat
  artifactKey: Guid(e5862096a972143489f6069e52d137d2) Importer(815301076,1909f56bfc062723c751e8b465ee728b)
Start importing Assets/UnityStore/pixel horror abandoned classroom/Materials/Black.mat using Guid(e5862096a972143489f6069e52d137d2) Importer(815301076,1909f56bfc062723c751e8b465ee728b)  -> (artifact id: '818107dc9ed58ef1ceb49caddd6c2dd4') in 0.014333 seconds 
========================================================================
Received Import Request.
  Time since last request: 0.000022 seconds.
  path: Assets/UnityStore/pixel horror abandoned classroom/Materials/felt.mat
  artifactKey: Guid(1634fd1d64638cc428341b0b39ae2bb5) Importer(815301076,1909f56bfc062723c751e8b465ee728b)
Start importing Assets/UnityStore/pixel horror abandoned classroom/Materials/felt.mat using Guid(1634fd1d64638cc428341b0b39ae2bb5) Importer(815301076,1909f56bfc062723c751e8b465ee728b)  -> (artifact id: '93903a11ce38c8637c593e68dde78cc7') in 0.027633 seconds 
========================================================================
Received Import Request.
  Time since last request: 0.000022 seconds.
  path: Assets/UnityStore/pixel horror abandoned classroom/Materials/chalk bord.mat
  artifactKey: Guid(9f736cc6373db9b459976858960dd68c) Importer(815301076,1909f56bfc062723c751e8b465ee728b)
Start importing Assets/UnityStore/pixel horror abandoned classroom/Materials/chalk bord.mat using Guid(9f736cc6373db9b459976858960dd68c) Importer(815301076,1909f56bfc062723c751e8b465ee728b)  -> (artifact id: 'cad07a98922ca20f13c7c618cfabcd6f') in 0.012717 seconds 
