Using pre-set license
Built from '2021.2/staging' branch; Version is '2021.2.6f1 (8c4e826ba445) revision 9195138'; Using compiler version '192829333'; Build Type 'Release'
OS: 'Windows 10  (10.0.19044) 64bit Core' Language: 'en' Physical Memory: 16310 MB
BatchMode: 1, IsHumanControllingUs: 0, StartBugReporterOnCrash: 0, Is64bit: 1, IsPro: 0

COMMAND LINE ARGUMENTS:
C:\Program Files\Unity\Hub\Editor\2021.2.6f1\Editor\Unity.exe
-adb2
-batchMode
-noUpm
-name
AssetImportWorker0
-projectPath
C:/Users/baust/OneDrive/Desktop/school/2022/Games/VideoGame/final-project-game/Assessment 4
-logFile
Logs/AssetImportWorker0.log
-srvPort
60943
Successfully changed project path to: C:/Users/baust/OneDrive/Desktop/school/2022/Games/VideoGame/final-project-game/Assessment 4
C:/Users/baust/OneDrive/Desktop/school/2022/Games/VideoGame/final-project-game/Assessment 4
[UnityMemory] Configuration Parameters - Can be set up in boot.config
    "memorysetup-bucket-allocator-granularity=16"
    "memorysetup-bucket-allocator-bucket-count=8"
    "memorysetup-bucket-allocator-block-size=33554432"
    "memorysetup-bucket-allocator-block-count=8"
    "memorysetup-main-allocator-block-size=16777216"
    "memorysetup-thread-allocator-block-size=16777216"
    "memorysetup-gfx-main-allocator-block-size=16777216"
    "memorysetup-gfx-thread-allocator-block-size=16777216"
    "memorysetup-cache-allocator-block-size=4194304"
    "memorysetup-typetree-allocator-block-size=2097152"
    "memorysetup-profiler-bucket-allocator-granularity=16"
    "memorysetup-profiler-bucket-allocator-bucket-count=8"
    "memorysetup-profiler-bucket-allocator-block-size=33554432"
    "memorysetup-profiler-bucket-allocator-block-count=8"
    "memorysetup-profiler-allocator-block-size=16777216"
    "memorysetup-profiler-editor-allocator-block-size=1048576"
    "memorysetup-temp-allocator-size-main=16777216"
    "memorysetup-job-temp-allocator-block-size=2097152"
    "memorysetup-job-temp-allocator-block-size-background=1048576"
    "memorysetup-job-temp-allocator-reduction-small-platforms=262144"
    "memorysetup-temp-allocator-size-background-worker=32768"
    "memorysetup-temp-allocator-size-job-worker=262144"
    "memorysetup-temp-allocator-size-preload-manager=33554432"
    "memorysetup-temp-allocator-size-nav-mesh-worker=65536"
    "memorysetup-temp-allocator-size-audio-worker=65536"
    "memorysetup-temp-allocator-size-cloud-worker=32768"
    "memorysetup-temp-allocator-size-gi-baking-worker=262144"
    "memorysetup-temp-allocator-size-gfx=262144"
Refreshing native plugins compatible for Editor in 71.20 ms, found 3 plugins.
Preloading 0 native plugins for Editor in 0.00 ms.
Initialize engine version: 2021.2.6f1 (8c4e826ba445)
[Subsystems] Discovering subsystems at path C:/Program Files/Unity/Hub/Editor/2021.2.6f1/Editor/Data/Resources/UnitySubsystems
[Subsystems] Discovering subsystems at path C:/Users/baust/OneDrive/Desktop/school/2022/Games/VideoGame/final-project-game/Assessment 4/Assets
GfxDevice: creating device client; threaded=0; jobified=0
Direct3D:
    Version:  Direct3D 11.0 [level 11.1]
    Renderer: NVIDIA GeForce RTX 2060 (ID=0x1f08)
    Vendor:   NVIDIA
    VRAM:     5980 MB
    Driver:   30.0.14.9729
Initialize mono
Mono path[0] = 'C:/Program Files/Unity/Hub/Editor/2021.2.6f1/Editor/Data/Managed'
Mono path[1] = 'C:/Program Files/Unity/Hub/Editor/2021.2.6f1/Editor/Data/MonoBleedingEdge/lib/mono/unityjit-win32'
Mono config path = 'C:/Program Files/Unity/Hub/Editor/2021.2.6f1/Editor/Data/MonoBleedingEdge/etc'
Using monoOptions --debugger-agent=transport=dt_socket,embedding=1,server=y,suspend=n,address=127.0.0.1:56580
Begin MonoManager ReloadAssembly
Registering precompiled unity dll's ...
Register platform support module: C:/Program Files/Unity/Hub/Editor/2021.2.6f1/Editor/Data/PlaybackEngines/WebGLSupport/UnityEditor.WebGL.Extensions.dll
Register platform support module: C:/Program Files/Unity/Hub/Editor/2021.2.6f1/Editor/Data/PlaybackEngines/MacStandaloneSupport/UnityEditor.OSXStandalone.Extensions.dll
Register platform support module: C:/Program Files/Unity/Hub/Editor/2021.2.6f1/Editor/Data/PlaybackEngines/WindowsStandaloneSupport/UnityEditor.WindowsStandalone.Extensions.dll
Register platform support module: C:/Program Files/Unity/Hub/Editor/2021.2.6f1/Editor/Data/PlaybackEngines/LinuxStandaloneSupport/UnityEditor.LinuxStandalone.Extensions.dll
Registered in 0.008753 seconds.
Native extension for LinuxStandalone target not found
Native extension for WindowsStandalone target not found
Native extension for OSXStandalone target not found
Native extension for WebGL target not found
Refreshing native plugins compatible for Editor in 71.16 ms, found 3 plugins.
Preloading 0 native plugins for Editor in 0.00 ms.
Mono: successfully reloaded assembly
- Completed reload, in  0.550 seconds
Domain Reload Profiling:
	ReloadAssembly (551ms)
		BeginReloadAssembly (66ms)
			ExecutionOrderSort (0ms)
			DisableScriptedObjects (0ms)
			BackupInstance (0ms)
			ReleaseScriptingObjects (0ms)
			CreateAndSetChildDomain (1ms)
		EndReloadAssembly (410ms)
			LoadAssemblies (65ms)
			RebuildTransferFunctionScriptingTraits (0ms)
			SetupTypeCache (88ms)
			ReleaseScriptCaches (0ms)
			RebuildScriptCaches (22ms)
			SetupLoadedEditorAssemblies (254ms)
				LogAssemblyErrors (0ms)
				InitializePlatformSupportModulesInManaged (20ms)
				SetLoadedEditorAssemblies (0ms)
				RefreshPlugins (71ms)
				BeforeProcessingInitializeOnLoad (1ms)
				ProcessInitializeOnLoadAttributes (122ms)
				ProcessInitializeOnLoadMethodAttributes (39ms)
				AfterProcessingInitializeOnLoad (0ms)
				EditorAssembliesLoaded (0ms)
			ExecutionOrderSort2 (0ms)
			AwakeInstancesAfterBackupRestoration (0ms)
Platform modules already initialized, skipping
Registering precompiled user dll's ...
Registered in 0.005086 seconds.
Begin MonoManager ReloadAssembly
Symbol file LoadedFromMemory doesn't match image C:\Users\baust\OneDrive\Desktop\school\2022\Games\VideoGame\final-project-game\Assessment 4\Library\PackageCache\com.unity.visualscripting@1.7.5\Editor\VisualScripting.Core\Dependencies\YamlDotNet\Unity.VisualScripting.YamlDotNet.dll
Symbol file LoadedFromMemory doesn't match image C:\Users\baust\OneDrive\Desktop\school\2022\Games\VideoGame\final-project-game\Assessment 4\Library\PackageCache\com.unity.visualscripting@1.7.5\Editor\VisualScripting.Core\Dependencies\DotNetZip\Unity.VisualScripting.IonicZip.dll
Native extension for LinuxStandalone target not found
Native extension for WindowsStandalone target not found
Native extension for OSXStandalone target not found
Native extension for WebGL target not found
Refreshing native plugins compatible for Editor in 0.60 ms, found 3 plugins.
Preloading 0 native plugins for Editor in 0.00 ms.
Mono: successfully reloaded assembly
- Completed reload, in  0.871 seconds
Domain Reload Profiling:
	ReloadAssembly (872ms)
		BeginReloadAssembly (98ms)
			ExecutionOrderSort (0ms)
			DisableScriptedObjects (5ms)
			BackupInstance (0ms)
			ReleaseScriptingObjects (0ms)
			CreateAndSetChildDomain (18ms)
		EndReloadAssembly (681ms)
			LoadAssemblies (69ms)
			RebuildTransferFunctionScriptingTraits (0ms)
			SetupTypeCache (226ms)
			ReleaseScriptCaches (1ms)
			RebuildScriptCaches (42ms)
			SetupLoadedEditorAssemblies (314ms)
				LogAssemblyErrors (0ms)
				InitializePlatformSupportModulesInManaged (15ms)
				SetLoadedEditorAssemblies (0ms)
				RefreshPlugins (1ms)
				BeforeProcessingInitializeOnLoad (74ms)
				ProcessInitializeOnLoadAttributes (198ms)
				ProcessInitializeOnLoadMethodAttributes (18ms)
				AfterProcessingInitializeOnLoad (7ms)
				EditorAssembliesLoaded (0ms)
			ExecutionOrderSort2 (0ms)
			AwakeInstancesAfterBackupRestoration (5ms)
Platform modules already initialized, skipping
========================================================================
Worker process is ready to serve import requests
Launched and connected shader compiler UnityShaderCompiler.exe after 0.05 seconds
Refreshing native plugins compatible for Editor in 1.02 ms, found 3 plugins.
Preloading 0 native plugins for Editor in 0.00 ms.
Unloading 3214 Unused Serialized files (Serialized files now loaded: 0)
Unloading 24 unused Assets / (55.6 KB). Loaded Objects now: 3673.
Memory consumption went from 113.0 MB to 112.9 MB.
Total: 3.065400 ms (FindLiveObjects: 0.311100 ms CreateObjectMapping: 0.083600 ms MarkObjects: 2.590700 ms  DeleteObjects: 0.078100 ms)

AssetImportParameters requested are different than current active one (requested -> active):
  custom:video-decoder-ogg-theora: a1e56fd34408186e4bbccfd4996cb3dc -> 
  custom:container-muxer-webm: aa71ff27fc2769a1b78a27578f13a17b -> 
  custom:container-demuxer-webm: 4f35f7cbe854078d1ac9338744f61a02 -> 
  custom:video-encoder-webm-vp8: eb34c28f22e8b96e1ab97ce403110664 -> 
  custom:audio-encoder-webm-vorbis: bf7c407c2cedff20999df2af8eb42d56 -> 
  custom:framework-win-MediaFoundation: 216162199b28c13a410421893ffa2e32 -> 
  custom:container-demuxer-ogg: 62fdf1f143b41e24485cea50d1cbac27 -> 
  custom:video-decoder-webm-vp8: 9c59270c3fd7afecdb556c50c9e8de78 -> 
  custom:audio-decoder-ogg-vorbis: bf7c407c2cedff20999df2af8eb42d56 -> 
========================================================================
Received Import Request.
  Time since last request: 174184.813231 seconds.
  path: Assets/pixel horror abandoned classroom/Prefabs/Room parts/floor big .001.prefab
  artifactKey: Guid(cb44d8fd75f3fbb4282db1b1d9ac8863) Importer(815301076,1909f56bfc062723c751e8b465ee728b)
Start importing Assets/pixel horror abandoned classroom/Prefabs/Room parts/floor big .001.prefab using Guid(cb44d8fd75f3fbb4282db1b1d9ac8863) Importer(815301076,1909f56bfc062723c751e8b465ee728b)  -> (artifact id: '6495f16610c381e98ccd841ae3894743') in 0.112737 seconds 
========================================================================
Received Import Request.
  Time since last request: 0.000021 seconds.
  path: Assets/pixel horror abandoned classroom/Prefabs/Room parts/walls .001.prefab
  artifactKey: Guid(80ad8acad2095ec429dc93550be27349) Importer(815301076,1909f56bfc062723c751e8b465ee728b)
Start importing Assets/pixel horror abandoned classroom/Prefabs/Room parts/walls .001.prefab using Guid(80ad8acad2095ec429dc93550be27349) Importer(815301076,1909f56bfc062723c751e8b465ee728b)  -> (artifact id: 'd165d0fabd33d0777771549807946f84') in 0.020352 seconds 
========================================================================
Received Import Request.
  Time since last request: 0.000028 seconds.
  path: Assets/pixel horror abandoned classroom/Prefabs/Room parts/walls .002.prefab
  artifactKey: Guid(dc6a28e3fe1674b43a1d7bbe0cd72372) Importer(815301076,1909f56bfc062723c751e8b465ee728b)
Start importing Assets/pixel horror abandoned classroom/Prefabs/Room parts/walls .002.prefab using Guid(dc6a28e3fe1674b43a1d7bbe0cd72372) Importer(815301076,1909f56bfc062723c751e8b465ee728b)  -> (artifact id: '35112972b95ccec2eba2bdf27ad8b338') in 0.015933 seconds 
========================================================================
Received Import Request.
  Time since last request: 0.000023 seconds.
  path: Assets/pixel horror abandoned classroom/Prefabs/Room parts
  artifactKey: Guid(38c88a11dac9f2642a54c29b1cb21f84) Importer(815301076,1909f56bfc062723c751e8b465ee728b)
Start importing Assets/pixel horror abandoned classroom/Prefabs/Room parts using Guid(38c88a11dac9f2642a54c29b1cb21f84) Importer(815301076,1909f56bfc062723c751e8b465ee728b)  -> (artifact id: '4e45745df205feeb426d8023e4d9b8e1') in 0.005916 seconds 
========================================================================
Received Import Request.
  Time since last request: 0.000023 seconds.
  path: Assets/pixel horror abandoned classroom/Prefabs/Room parts/walls .003.prefab
  artifactKey: Guid(8b5f984701f270d45bc4566492551ac4) Importer(815301076,1909f56bfc062723c751e8b465ee728b)
Start importing Assets/pixel horror abandoned classroom/Prefabs/Room parts/walls .003.prefab using Guid(8b5f984701f270d45bc4566492551ac4) Importer(815301076,1909f56bfc062723c751e8b465ee728b)  -> (artifact id: 'e0e30016d832ecac4d98517823fead65') in 0.016160 seconds 
========================================================================
Received Import Request.
  Time since last request: 0.000020 seconds.
  path: Assets/pixel horror abandoned classroom/Prefabs/Room parts/roof.prefab
  artifactKey: Guid(8dc188934f6b329449032343d9fbe97b) Importer(815301076,1909f56bfc062723c751e8b465ee728b)
Start importing Assets/pixel horror abandoned classroom/Prefabs/Room parts/roof.prefab using Guid(8dc188934f6b329449032343d9fbe97b) Importer(815301076,1909f56bfc062723c751e8b465ee728b)  -> (artifact id: '1607a7b3fb3af106124daeb3fc280104') in 0.023020 seconds 
========================================================================
Received Import Request.
  Time since last request: 0.000022 seconds.
  path: Assets/pixel horror abandoned classroom/Prefabs/Room parts/door way  small.prefab
  artifactKey: Guid(7105006936fd0814f80849e074b32efe) Importer(815301076,1909f56bfc062723c751e8b465ee728b)
Start importing Assets/pixel horror abandoned classroom/Prefabs/Room parts/door way  small.prefab using Guid(7105006936fd0814f80849e074b32efe) Importer(815301076,1909f56bfc062723c751e8b465ee728b)  -> (artifact id: '474a9ceabd2b93e10cb34a62a938df90') in 0.015966 seconds 
========================================================================
Received Import Request.
  Time since last request: 0.000057 seconds.
  path: Assets/pixel horror abandoned classroom/Prefabs/Room parts/Door.001.prefab
  artifactKey: Guid(5b41ebfbc9bf5b9418934ea9e42e2d7d) Importer(815301076,1909f56bfc062723c751e8b465ee728b)
Start importing Assets/pixel horror abandoned classroom/Prefabs/Room parts/Door.001.prefab using Guid(5b41ebfbc9bf5b9418934ea9e42e2d7d) Importer(815301076,1909f56bfc062723c751e8b465ee728b)  -> (artifact id: '1aa75db356bad73a403a9267ab0f7761') in 0.017253 seconds 
========================================================================
Received Import Request.
  Time since last request: 0.000024 seconds.
  path: Assets/pixel horror abandoned classroom/Prefabs/Room parts/door frame  big.prefab
  artifactKey: Guid(13b3886574de8cf42b9771560c93433e) Importer(815301076,1909f56bfc062723c751e8b465ee728b)
Start importing Assets/pixel horror abandoned classroom/Prefabs/Room parts/door frame  big.prefab using Guid(13b3886574de8cf42b9771560c93433e) Importer(815301076,1909f56bfc062723c751e8b465ee728b)  -> (artifact id: '97eaa631d0d8fc288196b4ef0dfa861f') in 0.015783 seconds 
========================================================================
Received Import Request.
  Time since last request: 135.963677 seconds.
  path: Assets/pixel horror abandoned classroom/Models/classRoom.fbx
  artifactKey: Guid(33ad68354734dda458f343fe84ec9016) Importer(815301076,1909f56bfc062723c751e8b465ee728b)
Start importing Assets/pixel horror abandoned classroom/Models/classRoom.fbx using Guid(33ad68354734dda458f343fe84ec9016) Importer(815301076,1909f56bfc062723c751e8b465ee728b)  -> (artifact id: 'a372d79a5b0679834f07156201ff74b4') in 0.628545 seconds 
========================================================================
Received Import Request.
  Time since last request: 2.456203 seconds.
  path: Assets/pixel horror abandoned classroom/Prefabs/big props/book shelf.prefab
  artifactKey: Guid(9180e40bf0ff46049a61ef86faff34fe) Importer(815301076,1909f56bfc062723c751e8b465ee728b)
Start importing Assets/pixel horror abandoned classroom/Prefabs/big props/book shelf.prefab using Guid(9180e40bf0ff46049a61ef86faff34fe) Importer(815301076,1909f56bfc062723c751e8b465ee728b)  -> (artifact id: 'b323fdafb32d9f96a588478f7186d81f') in 0.014205 seconds 
========================================================================
Received Import Request.
  Time since last request: 0.000015 seconds.
  path: Assets/pixel horror abandoned classroom/Prefabs/big props/cubby holes.prefab
  artifactKey: Guid(f01f9b28ee5689c4d929b44de8a36ccf) Importer(815301076,1909f56bfc062723c751e8b465ee728b)
Start importing Assets/pixel horror abandoned classroom/Prefabs/big props/cubby holes.prefab using Guid(f01f9b28ee5689c4d929b44de8a36ccf) Importer(815301076,1909f56bfc062723c751e8b465ee728b)  -> (artifact id: 'e42ff1678cc6bfde79f044bc8d40695c') in 0.015283 seconds 
========================================================================
Received Import Request.
  Time since last request: 0.000016 seconds.
  path: Assets/pixel horror abandoned classroom/Prefabs/big props/techer desk.prefab
  artifactKey: Guid(2ad0a5edf5d0bf745a2981bc99d25c7f) Importer(815301076,1909f56bfc062723c751e8b465ee728b)
Start importing Assets/pixel horror abandoned classroom/Prefabs/big props/techer desk.prefab using Guid(2ad0a5edf5d0bf745a2981bc99d25c7f) Importer(815301076,1909f56bfc062723c751e8b465ee728b)  -> (artifact id: '3474f217b635fd5bd4209df6ab4f7f93') in 0.033979 seconds 
========================================================================
Received Import Request.
  Time since last request: 0.000019 seconds.
  path: Assets/pixel horror abandoned classroom/Prefabs/big props/lectern.prefab
  artifactKey: Guid(3d1af06ab825b2c45b71871f9215fa0c) Importer(815301076,1909f56bfc062723c751e8b465ee728b)
Start importing Assets/pixel horror abandoned classroom/Prefabs/big props/lectern.prefab using Guid(3d1af06ab825b2c45b71871f9215fa0c) Importer(815301076,1909f56bfc062723c751e8b465ee728b)  -> (artifact id: '08aae7619ca4e0b349cead196a280b07') in 0.016717 seconds 
========================================================================
Received Import Request.
  Time since last request: 4.823244 seconds.
  path: Assets/Scenes/SampleScene/LightingData.asset
  artifactKey: Guid(6c3c86c7608670a46b1a571e8c5f19b2) Importer(815301076,1909f56bfc062723c751e8b465ee728b)
Start importing Assets/Scenes/SampleScene/LightingData.asset using Guid(6c3c86c7608670a46b1a571e8c5f19b2) Importer(815301076,1909f56bfc062723c751e8b465ee728b)  -> (artifact id: '00c883035565630f68f9bffc20690c3a') in 0.008896 seconds 
========================================================================
Received Import Request.
  Time since last request: 0.000017 seconds.
  path: Assets/Scenes/SampleScene/Lightmap-0_comp_light.exr
  artifactKey: Guid(c02dda5f3eacfc6489705663332eb904) Importer(815301076,1909f56bfc062723c751e8b465ee728b)
Start importing Assets/Scenes/SampleScene/Lightmap-0_comp_light.exr using Guid(c02dda5f3eacfc6489705663332eb904) Importer(815301076,1909f56bfc062723c751e8b465ee728b)  -> (artifact id: 'a351ef3c085352b364643ebb897231ec') in 0.021464 seconds 
========================================================================
Received Import Request.
  Time since last request: 0.000019 seconds.
  path: Assets/Scenes/SampleScene/Lightmap-1_comp_dir.png
  artifactKey: Guid(63c6ae5d6c158b848ba8c26305821adf) Importer(815301076,1909f56bfc062723c751e8b465ee728b)
Start importing Assets/Scenes/SampleScene/Lightmap-1_comp_dir.png using Guid(63c6ae5d6c158b848ba8c26305821adf) Importer(815301076,1909f56bfc062723c751e8b465ee728b)  -> (artifact id: '0feae150a79a10177f765faed8144de3') in 0.016192 seconds 
========================================================================
Received Import Request.
  Time since last request: 3.656125 seconds.
  path: Assets/Scenes/Tut_Level.unity
  artifactKey: Guid(9fc0d4010bbf28b4594072e72b8655ab) Importer(815301076,1909f56bfc062723c751e8b465ee728b)
Start importing Assets/Scenes/Tut_Level.unity using Guid(9fc0d4010bbf28b4594072e72b8655ab) Importer(815301076,1909f56bfc062723c751e8b465ee728b)  -> (artifact id: '6729fe9796951a749581af9cfd7d0cce') in 0.006798 seconds 
========================================================================
Received Import Request.
  Time since last request: 4.120446 seconds.
  path: Assets/Scenes/SampleScene.unity
  artifactKey: Guid(2b651dcaa64534af2855d6383a6dc84a) Importer(815301076,1909f56bfc062723c751e8b465ee728b)
Start importing Assets/Scenes/SampleScene.unity using Guid(2b651dcaa64534af2855d6383a6dc84a) Importer(815301076,1909f56bfc062723c751e8b465ee728b)  -> (artifact id: '18412c6c2296fa8193c8b0f5a225f5ec') in 0.006694 seconds 
========================================================================
Received Import Request.
  Time since last request: 58.392777 seconds.
  path: Assets/pixel horror abandoned classroom/Textures/bag.png
  artifactKey: Guid(493c97b357af94b40b3276e1e176283a) Importer(815301076,1909f56bfc062723c751e8b465ee728b)
Start importing Assets/pixel horror abandoned classroom/Textures/bag.png using Guid(493c97b357af94b40b3276e1e176283a) Importer(815301076,1909f56bfc062723c751e8b465ee728b)  -> (artifact id: 'fff83e946a4039e52dd63f29a993f98b') in 0.018722 seconds 
========================================================================
Received Import Request.
  Time since last request: 0.000027 seconds.
  path: Assets/pixel horror abandoned classroom/Prefabs/Player parts/crosshairs.png
  artifactKey: Guid(6eada66cca8bcb84ca398ab2ec9dc44b) Importer(815301076,1909f56bfc062723c751e8b465ee728b)
Start importing Assets/pixel horror abandoned classroom/Prefabs/Player parts/crosshairs.png using Guid(6eada66cca8bcb84ca398ab2ec9dc44b) Importer(815301076,1909f56bfc062723c751e8b465ee728b)  -> (artifact id: 'c686cc276870297e5445723d776d8ad7') in 0.027379 seconds 
========================================================================
Received Import Request.
  Time since last request: 0.000029 seconds.
  path: Assets/pixel horror abandoned classroom/Textures/felt.png
  artifactKey: Guid(a3d2ef34d8d241043a3292071292e9fd) Importer(815301076,1909f56bfc062723c751e8b465ee728b)
Start importing Assets/pixel horror abandoned classroom/Textures/felt.png using Guid(a3d2ef34d8d241043a3292071292e9fd) Importer(815301076,1909f56bfc062723c751e8b465ee728b)  -> (artifact id: '189e2cd04bd4982e00651b2e676aa986') in 0.014898 seconds 
========================================================================
Received Import Request.
  Time since last request: 2.655114 seconds.
  path: Assets/Scenes
  artifactKey: Guid(6ea315d0fd7389c41b19996891e99ae3) Importer(815301076,1909f56bfc062723c751e8b465ee728b)
Start importing Assets/Scenes using Guid(6ea315d0fd7389c41b19996891e99ae3) Importer(815301076,1909f56bfc062723c751e8b465ee728b)  -> (artifact id: 'bc172811d573b296104adb4d2728db37') in 0.006414 seconds 
========================================================================
Received Import Request.
  Time since last request: 14.816994 seconds.
  path: Assets/Scenes/Tut_Level
  artifactKey: Guid(1479a215087534e44aebe7ae3c303b38) Importer(815301076,1909f56bfc062723c751e8b465ee728b)
Start importing Assets/Scenes/Tut_Level using Guid(1479a215087534e44aebe7ae3c303b38) Importer(815301076,1909f56bfc062723c751e8b465ee728b)  -> (artifact id: 'c2f2a2e71ae06091962f8b14f5ac6b09') in 0.005143 seconds 
========================================================================
Received Import Request.
  Time since last request: 6.038933 seconds.
  path: Assets/Scenes/Tut_Level/Scripts
  artifactKey: Guid(612371c984742fb46b5b99e3145c0e29) Importer(815301076,1909f56bfc062723c751e8b465ee728b)
Start importing Assets/Scenes/Tut_Level/Scripts using Guid(612371c984742fb46b5b99e3145c0e29) Importer(815301076,1909f56bfc062723c751e8b465ee728b)  -> (artifact id: 'd4a0604635e165d6d35df3e49c92bb4f') in 0.005058 seconds 
========================================================================
Received Import Request.
  Time since last request: 1.645663 seconds.
  path: Assets/Scenes/Tut_Level/Scripts 1
  artifactKey: Guid(f9095224fc4161c4f8bff3b099548189) Importer(815301076,1909f56bfc062723c751e8b465ee728b)
Start importing Assets/Scenes/Tut_Level/Scripts 1 using Guid(f9095224fc4161c4f8bff3b099548189) Importer(815301076,1909f56bfc062723c751e8b465ee728b)  -> (artifact id: '683bd2ece4adbf7c666a84595be26f07') in 0.006132 seconds 
========================================================================
Received Import Request.
  Time since last request: 0.627934 seconds.
  path: Assets/Scenes/Tut_Level/Scripts 2
  artifactKey: Guid(5bc907744ede1bb4587c36831338599a) Importer(815301076,1909f56bfc062723c751e8b465ee728b)
Start importing Assets/Scenes/Tut_Level/Scripts 2 using Guid(5bc907744ede1bb4587c36831338599a) Importer(815301076,1909f56bfc062723c751e8b465ee728b)  -> (artifact id: 'f8b89f81183f40b19acc42bc0dc6fb9a') in 0.005822 seconds 
========================================================================
Received Import Request.
  Time since last request: 11.106298 seconds.
  path: Assets/Scenes/Tut_Level/Assets
  artifactKey: Guid(f9095224fc4161c4f8bff3b099548189) Importer(815301076,1909f56bfc062723c751e8b465ee728b)
Start importing Assets/Scenes/Tut_Level/Assets using Guid(f9095224fc4161c4f8bff3b099548189) Importer(815301076,1909f56bfc062723c751e8b465ee728b)  -> (artifact id: 'b34bd35351884ee3f6a96bdaf7407b95') in 0.005588 seconds 
========================================================================
Received Import Request.
  Time since last request: 7.066207 seconds.
  path: Assets/Scenes/Tut_Level/Prefab
  artifactKey: Guid(5bc907744ede1bb4587c36831338599a) Importer(815301076,1909f56bfc062723c751e8b465ee728b)
Start importing Assets/Scenes/Tut_Level/Prefab using Guid(5bc907744ede1bb4587c36831338599a) Importer(815301076,1909f56bfc062723c751e8b465ee728b)  -> (artifact id: '4acd4e5f35c0b052c81dfd8b52a6386f') in 0.005742 seconds 
========================================================================
Received Import Request.
  Time since last request: 280.955616 seconds.
  path: Assets/Scenes/Tut_Level/20 by 20 orthogonal maze.png
  artifactKey: Guid(b0404186679853e42ac421e761077842) Importer(815301076,1909f56bfc062723c751e8b465ee728b)
Start importing Assets/Scenes/Tut_Level/20 by 20 orthogonal maze.png using Guid(b0404186679853e42ac421e761077842) Importer(815301076,1909f56bfc062723c751e8b465ee728b)  -> (artifact id: '06beba6c1dc86b342366ceee0e3c00fc') in 0.014794 seconds 
========================================================================
Received Import Request.
  Time since last request: 11.009432 seconds.
  path: Assets/Scenes/Tut_Level/Assets/NewBrush.brush
  artifactKey: Guid(a9f41892b32d0624aa734b9746ae461b) Importer(815301076,1909f56bfc062723c751e8b465ee728b)
Start importing Assets/Scenes/Tut_Level/Assets/NewBrush.brush using Guid(a9f41892b32d0624aa734b9746ae461b) Importer(815301076,1909f56bfc062723c751e8b465ee728b)  -> (artifact id: '3c9b9b0b44b27b616e207740959d4f63') in 0.021006 seconds 
========================================================================
Received Import Request.
  Time since last request: 247.778825 seconds.
  path: Assets/Scenes/Tut_Level/Assets/NewBrush.brush
  artifactKey: Guid(a9f41892b32d0624aa734b9746ae461b) Importer(815301076,1909f56bfc062723c751e8b465ee728b)
Start importing Assets/Scenes/Tut_Level/Assets/NewBrush.brush using Guid(a9f41892b32d0624aa734b9746ae461b) Importer(815301076,1909f56bfc062723c751e8b465ee728b)  -> (artifact id: 'f62e4366f80744369fc94d429a0105ae') in 0.014151 seconds 
========================================================================
Received Import Request.
  Time since last request: 25.180199 seconds.
  path: Assets/New Terrain 1.asset
  artifactKey: Guid(92b44b7b4b8c19242877efd8f1262651) Importer(815301076,1909f56bfc062723c751e8b465ee728b)
Start importing Assets/New Terrain 1.asset using Guid(92b44b7b4b8c19242877efd8f1262651) Importer(815301076,1909f56bfc062723c751e8b465ee728b)  -> (artifact id: '832ad05656c2568fb2b46784f2733f23') in 0.018100 seconds 
========================================================================
Received Import Request.
  Time since last request: 2.905823 seconds.
  path: Assets/Free_old_yellow_concrete
  artifactKey: Guid(df13c355ec1de09418743c46e1561e10) Importer(815301076,1909f56bfc062723c751e8b465ee728b)
Start importing Assets/Free_old_yellow_concrete using Guid(df13c355ec1de09418743c46e1561e10) Importer(815301076,1909f56bfc062723c751e8b465ee728b)  -> (artifact id: 'b1e281abfa248eda74b154809c72be86') in 0.006371 seconds 
========================================================================
Received Import Request.
  Time since last request: 3.949693 seconds.
  path: Assets/pixel horror abandoned classroom
  artifactKey: Guid(ed0f020d5fdd7412fb8979d958163cae) Importer(815301076,1909f56bfc062723c751e8b465ee728b)
Start importing Assets/pixel horror abandoned classroom using Guid(ed0f020d5fdd7412fb8979d958163cae) Importer(815301076,1909f56bfc062723c751e8b465ee728b)  -> (artifact id: '24fbdbf85cd8fce56a2597cbc00e45de') in 0.007275 seconds 
========================================================================
Received Import Request.
  Time since last request: 0.229099 seconds.
  path: Assets
  artifactKey: Guid(00000000000000001000000000000000) Importer(815301076,1909f56bfc062723c751e8b465ee728b)
Start importing Assets using Guid(00000000000000001000000000000000) Importer(815301076,1909f56bfc062723c751e8b465ee728b)  -> (artifact id: '79842766b460edbeab6a34051e857a80') in 0.005676 seconds 
========================================================================
Received Import Request.
  Time since last request: 9.829801 seconds.
  path: Assets/UnityStore
  artifactKey: Guid(1f276e317d4be1e438e1a7a9f2271681) Importer(815301076,1909f56bfc062723c751e8b465ee728b)
Start importing Assets/UnityStore using Guid(1f276e317d4be1e438e1a7a9f2271681) Importer(815301076,1909f56bfc062723c751e8b465ee728b)  -> (artifact id: '7d02d7491b2a455f576a2ee389ad9e0d') in 0.005734 seconds 
========================================================================
Received Import Request.
  Time since last request: 5.386445 seconds.
  path: Assets/UnityStore/Free_old_yellow_concrete/free_concrete_material.mat
  artifactKey: Guid(03c483dce419c334da5816033e8d67da) Importer(815301076,1909f56bfc062723c751e8b465ee728b)
Start importing Assets/UnityStore/Free_old_yellow_concrete/free_concrete_material.mat using Guid(03c483dce419c334da5816033e8d67da) Importer(815301076,1909f56bfc062723c751e8b465ee728b)  -> (artifact id: '99c84b434858f7c0aa3c8847b1b03d59') in 0.305138 seconds 
========================================================================
Received Prepare
Registering precompiled user dll's ...
Registered in 0.004638 seconds.
Begin MonoManager ReloadAssembly
Symbol file LoadedFromMemory doesn't match image C:\Users\baust\OneDrive\Desktop\school\2022\Games\VideoGame\final-project-game\Assessment 4\Library\PackageCache\com.unity.visualscripting@1.7.5\Editor\VisualScripting.Core\Dependencies\YamlDotNet\Unity.VisualScripting.YamlDotNet.dll
Symbol file LoadedFromMemory doesn't match image C:\Users\baust\OneDrive\Desktop\school\2022\Games\VideoGame\final-project-game\Assessment 4\Library\PackageCache\com.unity.visualscripting@1.7.5\Editor\VisualScripting.Core\Dependencies\DotNetZip\Unity.VisualScripting.IonicZip.dll
Native extension for LinuxStandalone target not found
Native extension for WindowsStandalone target not found
Native extension for OSXStandalone target not found
Native extension for WebGL target not found
Refreshing native plugins compatible for Editor in 0.76 ms, found 3 plugins.
Preloading 0 native plugins for Editor in 0.00 ms.
Mono: successfully reloaded assembly
- Completed reload, in  0.915 seconds
Domain Reload Profiling:
	ReloadAssembly (915ms)
		BeginReloadAssembly (131ms)
			ExecutionOrderSort (0ms)
			DisableScriptedObjects (5ms)
			BackupInstance (0ms)
			ReleaseScriptingObjects (0ms)
			CreateAndSetChildDomain (37ms)
		EndReloadAssembly (691ms)
			LoadAssemblies (76ms)
			RebuildTransferFunctionScriptingTraits (0ms)
			SetupTypeCache (255ms)
			ReleaseScriptCaches (1ms)
			RebuildScriptCaches (39ms)
			SetupLoadedEditorAssemblies (273ms)
				LogAssemblyErrors (0ms)
				InitializePlatformSupportModulesInManaged (21ms)
				SetLoadedEditorAssemblies (1ms)
				RefreshPlugins (1ms)
				BeforeProcessingInitializeOnLoad (60ms)
				ProcessInitializeOnLoadAttributes (167ms)
				ProcessInitializeOnLoadMethodAttributes (17ms)
				AfterProcessingInitializeOnLoad (7ms)
				EditorAssembliesLoaded (0ms)
			ExecutionOrderSort2 (0ms)
			AwakeInstancesAfterBackupRestoration (11ms)
Platform modules already initialized, skipping
Refreshing native plugins compatible for Editor in 0.64 ms, found 3 plugins.
Preloading 0 native plugins for Editor in 0.00 ms.
Unloading 3213 Unused Serialized files (Serialized files now loaded: 0)
Unloading 21 unused Assets / (0.5 MB). Loaded Objects now: 3818.
Memory consumption went from 124.0 MB to 123.5 MB.
Total: 2.997600 ms (FindLiveObjects: 0.351900 ms CreateObjectMapping: 0.097500 ms MarkObjects: 2.284300 ms  DeleteObjects: 0.261800 ms)

AssetImportParameters requested are different than current active one (requested -> active):
  custom:video-decoder-ogg-theora: a1e56fd34408186e4bbccfd4996cb3dc -> 
  custom:container-muxer-webm: aa71ff27fc2769a1b78a27578f13a17b -> 
  custom:container-demuxer-webm: 4f35f7cbe854078d1ac9338744f61a02 -> 
  custom:video-encoder-webm-vp8: eb34c28f22e8b96e1ab97ce403110664 -> 
  custom:audio-encoder-webm-vorbis: bf7c407c2cedff20999df2af8eb42d56 -> 
  custom:framework-win-MediaFoundation: 216162199b28c13a410421893ffa2e32 -> 
  custom:container-demuxer-ogg: 62fdf1f143b41e24485cea50d1cbac27 -> 
  custom:video-decoder-webm-vp8: 9c59270c3fd7afecdb556c50c9e8de78 -> 
  custom:audio-decoder-ogg-vorbis: bf7c407c2cedff20999df2af8eb42d56 -> 
========================================================================
Received Import Request.
  Time since last request: 467.295342 seconds.
  path: Assets/New Terrain Material.mat
  artifactKey: Guid(2f3b61da5b3fe6f4ca037dd378fc96ff) Importer(815301076,1909f56bfc062723c751e8b465ee728b)
Start importing Assets/New Terrain Material.mat using Guid(2f3b61da5b3fe6f4ca037dd378fc96ff) Importer(815301076,1909f56bfc062723c751e8b465ee728b)  -> (artifact id: '1f9415ed1be5f2780fbd1bdfb1bb77fc') in 0.063424 seconds 
========================================================================
Received Import Request.
  Time since last request: 0.736653 seconds.
  path: Assets/UnityStore/pixel horror abandoned classroom/Materials/glass.mat
  artifactKey: Guid(904f38aeabe3dd74e831e34ef58a1e5b) Importer(815301076,1909f56bfc062723c751e8b465ee728b)
Start importing Assets/UnityStore/pixel horror abandoned classroom/Materials/glass.mat using Guid(904f38aeabe3dd74e831e34ef58a1e5b) Importer(815301076,1909f56bfc062723c751e8b465ee728b)  -> (artifact id: 'a9dd5cc155febf30594a114ac2e650a1') in 0.028742 seconds 
========================================================================
Received Import Request.
  Time since last request: 0.000017 seconds.
  path: Assets/UnityStore/pixel horror abandoned classroom/Materials/oldGreen Pant.mat
  artifactKey: Guid(5f8af11b2562a194189d5c6730df9b30) Importer(815301076,1909f56bfc062723c751e8b465ee728b)
Start importing Assets/UnityStore/pixel horror abandoned classroom/Materials/oldGreen Pant.mat using Guid(5f8af11b2562a194189d5c6730df9b30) Importer(815301076,1909f56bfc062723c751e8b465ee728b)  -> (artifact id: '0d57d09224a3e217f9b03676ce45eb62') in 0.013786 seconds 
========================================================================
Received Import Request.
  Time since last request: 0.000019 seconds.
  path: Assets/UnityStore/pixel horror abandoned classroom/Materials/old  Plywood yellow_.mat
  artifactKey: Guid(6168c00d7ff4d714db4e4848661876a7) Importer(815301076,1909f56bfc062723c751e8b465ee728b)
Start importing Assets/UnityStore/pixel horror abandoned classroom/Materials/old  Plywood yellow_.mat using Guid(6168c00d7ff4d714db4e4848661876a7) Importer(815301076,1909f56bfc062723c751e8b465ee728b)  -> (artifact id: 'c7a7ab9f4bd96eeeb395208e8e7e4a34') in 0.013120 seconds 
========================================================================
Received Import Request.
  Time since last request: 0.000020 seconds.
  path: Assets/UnityStore/pixel horror abandoned classroom/Materials/old Metal.mat
  artifactKey: Guid(04221f44a21ee4949aa20bdbab948a57) Importer(815301076,1909f56bfc062723c751e8b465ee728b)
Start importing Assets/UnityStore/pixel horror abandoned classroom/Materials/old Metal.mat using Guid(04221f44a21ee4949aa20bdbab948a57) Importer(815301076,1909f56bfc062723c751e8b465ee728b)  -> (artifact id: '0914b796d571cd40a53e85a939b41466') in 0.013552 seconds 
========================================================================
Received Import Request.
  Time since last request: 0.000020 seconds.
  path: Assets/UnityStore/pixel horror abandoned classroom/Materials/Old_Metal.001.mat
  artifactKey: Guid(a792e88fea527054a9782c46ff8deb28) Importer(815301076,1909f56bfc062723c751e8b465ee728b)
Start importing Assets/UnityStore/pixel horror abandoned classroom/Materials/Old_Metal.001.mat using Guid(a792e88fea527054a9782c46ff8deb28) Importer(815301076,1909f56bfc062723c751e8b465ee728b)  -> (artifact id: '9eb1e1643028a0291958331ff9d5b3d2') in 0.013171 seconds 
========================================================================
Received Import Request.
  Time since last request: 0.456232 seconds.
  path: Assets/UnityStore/pixel horror abandoned classroom/Materials/oldPaper.mat
  artifactKey: Guid(c87a3eabae9aaf845a2892a2f68d63ed) Importer(815301076,1909f56bfc062723c751e8b465ee728b)
Start importing Assets/UnityStore/pixel horror abandoned classroom/Materials/oldPaper.mat using Guid(c87a3eabae9aaf845a2892a2f68d63ed) Importer(815301076,1909f56bfc062723c751e8b465ee728b)  -> (artifact id: '3faad579d141ad6c13b33e0936aa318b') in 0.019764 seconds 
========================================================================
Received Import Request.
  Time since last request: 0.000018 seconds.
  path: Assets/UnityStore/pixel horror abandoned classroom/Materials/RippedCloth.mat
  artifactKey: Guid(a575b13147893c748a70d521bda682c4) Importer(815301076,1909f56bfc062723c751e8b465ee728b)
Start importing Assets/UnityStore/pixel horror abandoned classroom/Materials/RippedCloth.mat using Guid(a575b13147893c748a70d521bda682c4) Importer(815301076,1909f56bfc062723c751e8b465ee728b)  -> (artifact id: '79d46974c39d6976fdc144a262479b51') in 0.017258 seconds 
========================================================================
Received Import Request.
  Time since last request: 0.038504 seconds.
  path: Assets/UnityStore/pixel horror abandoned classroom/Materials/Rough plaster.mat
  artifactKey: Guid(808b2770df0799342b7177046fa2cdcc) Importer(815301076,1909f56bfc062723c751e8b465ee728b)
Start importing Assets/UnityStore/pixel horror abandoned classroom/Materials/Rough plaster.mat using Guid(808b2770df0799342b7177046fa2cdcc) Importer(815301076,1909f56bfc062723c751e8b465ee728b)  -> (artifact id: '54eb289ecdaa09c13c45e342ef678b3d') in 0.015463 seconds 
========================================================================
Received Import Request.
  Time since last request: 0.177012 seconds.
  path: Assets/UnityStore/pixel horror abandoned classroom/Materials/Soap.mat
  artifactKey: Guid(6e31eb3c68c508742886f3e890bf7425) Importer(815301076,1909f56bfc062723c751e8b465ee728b)
Start importing Assets/UnityStore/pixel horror abandoned classroom/Materials/Soap.mat using Guid(6e31eb3c68c508742886f3e890bf7425) Importer(815301076,1909f56bfc062723c751e8b465ee728b)  -> (artifact id: 'bdfebd2e84ddc0216ae44565e4253c4f') in 0.013358 seconds 
========================================================================
Received Import Request.
  Time since last request: 0.000018 seconds.
  path: Assets/UnityStore/pixel horror abandoned classroom/Materials/stationery_.mat
  artifactKey: Guid(634c8c61ad973c64fb371007f32d2315) Importer(815301076,1909f56bfc062723c751e8b465ee728b)
Start importing Assets/UnityStore/pixel horror abandoned classroom/Materials/stationery_.mat using Guid(634c8c61ad973c64fb371007f32d2315) Importer(815301076,1909f56bfc062723c751e8b465ee728b)  -> (artifact id: '20e65a902e0c7f1cd7bca355f8424f28') in 0.015677 seconds 
========================================================================
Received Import Request.
  Time since last request: 0.035981 seconds.
  path: Assets/UnityStore/pixel horror abandoned classroom/Materials/WoodFlooryellow.mat
  artifactKey: Guid(33ccbc197feadba4d8a8d3f9e9c0bc16) Importer(815301076,1909f56bfc062723c751e8b465ee728b)
Start importing Assets/UnityStore/pixel horror abandoned classroom/Materials/WoodFlooryellow.mat using Guid(33ccbc197feadba4d8a8d3f9e9c0bc16) Importer(815301076,1909f56bfc062723c751e8b465ee728b)  -> (artifact id: 'da6b084f64836175564b9657ee807530') in 0.012742 seconds 
========================================================================
Received Import Request.
  Time since last request: 0.000021 seconds.
  path: Assets/UnityStore/pixel horror abandoned classroom/Materials/Worn Wood yellow_.mat
  artifactKey: Guid(456f29c4310ecf044bb5f2f0d0525f30) Importer(815301076,1909f56bfc062723c751e8b465ee728b)
Start importing Assets/UnityStore/pixel horror abandoned classroom/Materials/Worn Wood yellow_.mat using Guid(456f29c4310ecf044bb5f2f0d0525f30) Importer(815301076,1909f56bfc062723c751e8b465ee728b)  -> (artifact id: 'e0c3d3ee73c8d7eeb0660e8f8cc6e423') in 0.014123 seconds 
========================================================================
Received Import Request.
  Time since last request: 9.710230 seconds.
  path: Assets/UnityStore/pixel horror abandoned classroom/Materials/bag.mat
  artifactKey: Guid(f0edf2d69e3dabf4c9d21abb095d8c7b) Importer(815301076,1909f56bfc062723c751e8b465ee728b)
Start importing Assets/UnityStore/pixel horror abandoned classroom/Materials/bag.mat using Guid(f0edf2d69e3dabf4c9d21abb095d8c7b) Importer(815301076,1909f56bfc062723c751e8b465ee728b)  -> (artifact id: 'f4083712214c57eaf7555028d0e2205c') in 0.013824 seconds 
========================================================================
Received Import Request.
  Time since last request: 0.000018 seconds.
  path: Assets/UnityStore/pixel horror abandoned classroom/Materials/Book  backs_.mat
  artifactKey: Guid(3d292fedd99286c45ab52ea854a50914) Importer(815301076,1909f56bfc062723c751e8b465ee728b)
Start importing Assets/UnityStore/pixel horror abandoned classroom/Materials/Book  backs_.mat using Guid(3d292fedd99286c45ab52ea854a50914) Importer(815301076,1909f56bfc062723c751e8b465ee728b)  -> (artifact id: '790373c6ace1bb716385d5c62dfe6e4f') in 0.022548 seconds 
========================================================================
Received Import Request.
  Time since last request: 0.000020 seconds.
  path: Assets/UnityStore/pixel horror abandoned classroom/Materials/Concrete tiles.mat
  artifactKey: Guid(fba066998cbd31a4eb89f3b8a22e56f1) Importer(815301076,1909f56bfc062723c751e8b465ee728b)
Start importing Assets/UnityStore/pixel horror abandoned classroom/Materials/Concrete tiles.mat using Guid(fba066998cbd31a4eb89f3b8a22e56f1) Importer(815301076,1909f56bfc062723c751e8b465ee728b)  -> (artifact id: 'ad9e39043bd298451d2ac80a775ed3b2') in 0.018973 seconds 
